c:\niagara\course repository\game1111\2017\assignments\assignment4\assignment4startpoint\assignment4startpoint\debug\vc140.pdb
c:\niagara\course repository\game1111\2017\assignments\assignment4\assignment4startpoint\assignment4startpoint\debug\vc140.idb
c:\niagara\course repository\game1111\2017\assignments\assignment4\assignment4startpoint\assignment4startpoint\debug\myproject.obj
c:\niagara\course repository\game1111\2017\assignments\assignment4\assignment4startpoint\assignment4startpoint\debug\spritelisttype.obj
c:\niagara\course repository\game1111\2017\assignments\assignment4\assignment4startpoint\assignment4startpoint\debug\spritetype.obj
c:\niagara\course repository\game1111\2017\assignments\assignment4\assignment4startpoint\assignment4startpoint\debug\winmain.obj
c:\niagara\course repository\game1111 - object oriented programming\2018\assignments\assignment4\assignment4startpoint\assignment4startpoint\debug\vc141.pdb
c:\niagara\course repository\game1111 - object oriented programming\2018\assignments\assignment4\assignment4startpoint\assignment4startpoint\debug\vc141.idb
c:\niagara\course repository\game1111 - object oriented programming\2018\assignments\assignment4\assignment4startpoint\assignment4startpoint\debug\myproject.obj
c:\niagara\course repository\game1111 - object oriented programming\2018\assignments\assignment4\assignment4startpoint\assignment4startpoint\debug\spritetype.obj
c:\niagara\course repository\game1111 - object oriented programming\2018\assignments\assignment4\assignment4startpoint\assignment4startpoint\debug\winmain.obj
c:\niagara\game1111 object oriented programming - 2018\assignments\assignment4\assignment4startpoint\assignment4startpoint\debug\vc141.pdb
c:\niagara\game1111 object oriented programming - 2018\assignments\assignment4\assignment4startpoint\assignment4startpoint\debug\vc141.idb
c:\niagara\game1111 object oriented programming - 2018\assignments\assignment4\assignment4startpoint\assignment4startpoint\debug\winmain.obj
c:\niagara\game1111 object oriented programming - 2018\assignments\assignment4\assignment4startpoint\assignment4startpoint\debug\spritetype.obj
c:\niagara\game1111 object oriented programming - 2018\assignments\assignment4\assignment4startpoint\assignment4startpoint\debug\myproject.obj
c:\niagara\course repository\game1111\2017\assignments\assignment4\assignment4startpoint\debug\assignment4startpoint.ilk
c:\niagara\course repository\game1111\2017\assignments\assignment4\assignment4startpoint\debug\assignment4startpoint.exe
c:\niagara\course repository\game1111\2017\assignments\assignment4\assignment4startpoint\debug\assignment4startpoint.pdb
c:\niagara\course repository\game1111 - object oriented programming\2018\assignments\assignment4\assignment4startpoint\debug\assignment4startpoint.ilk
c:\niagara\course repository\game1111 - object oriented programming\2018\assignments\assignment4\assignment4startpoint\debug\assignment4startpoint.exe
c:\niagara\course repository\game1111 - object oriented programming\2018\assignments\assignment4\assignment4startpoint\debug\lnk{a4a22a73-a838-4c78-a102-956c660cebd1}.tmp
c:\niagara\course repository\game1111 - object oriented programming\2018\assignments\assignment4\assignment4startpoint\debug\assignment4startpoint.pdb
c:\niagara\game1111 object oriented programming - 2018\assignments\assignment4\assignment4startpoint\debug\assignment4startpoint.ilk
c:\niagara\game1111 object oriented programming - 2018\assignments\assignment4\assignment4startpoint\debug\assignment4startpoint.exe
c:\niagara\game1111 object oriented programming - 2018\assignments\assignment4\assignment4startpoint\debug\assignment4startpoint.pdb
c:\teaching\winter2019\game1111\assignments\assignment4\assignment4startpoint\assignment4startpoint\debug\myproject.obj
c:\teaching\winter2019\game1111\assignments\assignment4\assignment4startpoint\assignment4startpoint\debug\spritelisttype.obj
c:\teaching\winter2019\game1111\assignments\assignment4\assignment4startpoint\assignment4startpoint\debug\spritetype.obj
c:\teaching\winter2019\game1111\assignments\assignment4\assignment4startpoint\assignment4startpoint\debug\winmain.obj
c:\teaching\winter2019\game1111\assignments\assignment4\assignment4startpoint\assignment4startpoint\debug\vc140.idb
c:\teaching\winter2019\game1111\assignments\assignment4\assignment4startpoint\assignment4startpoint\debug\vc141.idb
c:\teaching\winter2019\game1111\assignments\assignment4\assignment4startpoint\assignment4startpoint\debug\vc140.pdb
c:\teaching\winter2019\game1111\assignments\assignment4\assignment4startpoint\assignment4startpoint\debug\vc141.pdb
c:\teaching\winter2019\game1111\assignments\assignment4\assignment4startpoint\debug\assignment4startpoint.pdb
c:\teaching\winter2019\game1111\assignments\assignment4\assignment4startpoint\debug\assignment4startpoint.exe
c:\teaching\winter2019\game1111\assignments\assignment4\assignment4startpoint\debug\assignment4startpoint.ilk
c:\teaching\winter2019\game1111\assignments\assignment4\assignment4startpoint\assignment4startpoint\debug\assignme.60de4a65.tlog\cl.command.1.tlog
c:\teaching\winter2019\game1111\assignments\assignment4\assignment4startpoint\assignment4startpoint\debug\assignme.60de4a65.tlog\cl.read.1.tlog
c:\teaching\winter2019\game1111\assignments\assignment4\assignment4startpoint\assignment4startpoint\debug\assignme.60de4a65.tlog\cl.write.1.tlog
c:\teaching\winter2019\game1111\assignments\assignment4\assignment4startpoint\assignment4startpoint\debug\assignme.60de4a65.tlog\link.command.1.tlog
c:\teaching\winter2019\game1111\assignments\assignment4\assignment4startpoint\assignment4startpoint\debug\assignme.60de4a65.tlog\link.delete.1.tlog
c:\teaching\winter2019\game1111\assignments\assignment4\assignment4startpoint\assignment4startpoint\debug\assignme.60de4a65.tlog\link.read.1.tlog
c:\teaching\winter2019\game1111\assignments\assignment4\assignment4startpoint\assignment4startpoint\debug\assignme.60de4a65.tlog\link.write.1.tlog
