  MyProject.cpp
C:\Users\mattm\Desktop\Year One\Term Two\Object-oriented Programming GAME1111\Assignment 4\Assignment4-StartPoint\Assignment4StartPoint\Assignment4StartPoint\MyProject.h(59): warning C4091: 'static ': ignored on left of 'MyProject::eGameStates' when no variable is declared
C:\Users\mattm\Desktop\Year One\Term Two\Object-oriented Programming GAME1111\Assignment 4\Assignment4-StartPoint\Assignment4StartPoint\Assignment4StartPoint\MyProject.h(96): warning C4091: 'static ': ignored on left of 'MyProject::obstacleType' when no variable is declared
C:\Users\mattm\Desktop\Year One\Term Two\Object-oriented Programming GAME1111\Assignment 4\Assignment4-StartPoint\Assignment4StartPoint\Assignment4StartPoint\MyProject.cpp(134,42): warning C4244: '=': conversion from 'double' to 'int', possible loss of data
C:\Users\mattm\Desktop\Year One\Term Two\Object-oriented Programming GAME1111\Assignment 4\Assignment4-StartPoint\Assignment4StartPoint\Assignment4StartPoint\MyProject.cpp(236,61): warning C4244: 'argument': conversion from 'int' to 'float', possible loss of data
C:\Users\mattm\Desktop\Year One\Term Two\Object-oriented Programming GAME1111\Assignment 4\Assignment4-StartPoint\Assignment4StartPoint\Assignment4StartPoint\MyProject.cpp(404,24): warning C4244: '=': conversion from 'int' to 'float', possible loss of data
C:\Users\mattm\Desktop\Year One\Term Two\Object-oriented Programming GAME1111\Assignment 4\Assignment4-StartPoint\Assignment4StartPoint\Assignment4StartPoint\MyProject.cpp(408,24): warning C4244: '=': conversion from 'int' to 'float', possible loss of data
C:\Users\mattm\Desktop\Year One\Term Two\Object-oriented Programming GAME1111\Assignment 4\Assignment4-StartPoint\Assignment4StartPoint\Assignment4StartPoint\MyProject.cpp(412,24): warning C4244: '=': conversion from 'int' to 'float', possible loss of data
C:\Users\mattm\Desktop\Year One\Term Two\Object-oriented Programming GAME1111\Assignment 4\Assignment4-StartPoint\Assignment4StartPoint\Assignment4StartPoint\MyProject.cpp(416,24): warning C4244: '=': conversion from 'int' to 'float', possible loss of data
C:\Users\mattm\Desktop\Year One\Term Two\Object-oriented Programming GAME1111\Assignment 4\Assignment4-StartPoint\Assignment4StartPoint\Assignment4StartPoint\MyProject.cpp(420,24): warning C4244: '=': conversion from 'int' to 'float', possible loss of data
C:\Users\mattm\Desktop\Year One\Term Two\Object-oriented Programming GAME1111\Assignment 4\Assignment4-StartPoint\Assignment4StartPoint\Assignment4StartPoint\MyProject.cpp(424,24): warning C4244: '=': conversion from 'int' to 'float', possible loss of data
C:\Users\mattm\Desktop\Year One\Term Two\Object-oriented Programming GAME1111\Assignment 4\Assignment4-StartPoint\Assignment4StartPoint\Assignment4StartPoint\MyProject.cpp(438,49): warning C4244: '=': conversion from 'int' to 'float', possible loss of data
C:\Users\mattm\Desktop\Year One\Term Two\Object-oriented Programming GAME1111\Assignment 4\Assignment4-StartPoint\Assignment4StartPoint\Assignment4StartPoint\MyProject.cpp(457,24): warning C4244: '=': conversion from 'int' to 'float', possible loss of data
C:\Users\mattm\Desktop\Year One\Term Two\Object-oriented Programming GAME1111\Assignment 4\Assignment4-StartPoint\Assignment4StartPoint\Assignment4StartPoint\MyProject.cpp(461,24): warning C4244: '=': conversion from 'int' to 'float', possible loss of data
C:\Users\mattm\Desktop\Year One\Term Two\Object-oriented Programming GAME1111\Assignment 4\Assignment4-StartPoint\Assignment4StartPoint\Assignment4StartPoint\MyProject.cpp(465,24): warning C4244: '=': conversion from 'int' to 'float', possible loss of data
C:\Users\mattm\Desktop\Year One\Term Two\Object-oriented Programming GAME1111\Assignment 4\Assignment4-StartPoint\Assignment4StartPoint\Assignment4StartPoint\MyProject.cpp(469,24): warning C4244: '=': conversion from 'int' to 'float', possible loss of data
C:\Users\mattm\Desktop\Year One\Term Two\Object-oriented Programming GAME1111\Assignment 4\Assignment4-StartPoint\Assignment4StartPoint\Assignment4StartPoint\MyProject.cpp(473,24): warning C4244: '=': conversion from 'int' to 'float', possible loss of data
C:\Users\mattm\Desktop\Year One\Term Two\Object-oriented Programming GAME1111\Assignment 4\Assignment4-StartPoint\Assignment4StartPoint\Assignment4StartPoint\MyProject.cpp(477,24): warning C4244: '=': conversion from 'int' to 'float', possible loss of data
C:\Users\mattm\Desktop\Year One\Term Two\Object-oriented Programming GAME1111\Assignment 4\Assignment4-StartPoint\Assignment4StartPoint\Assignment4StartPoint\MyProject.cpp(516,58): warning C4244: '=': conversion from 'int' to 'float', possible loss of data
C:\Users\mattm\Desktop\Year One\Term Two\Object-oriented Programming GAME1111\Assignment 4\Assignment4-StartPoint\Assignment4StartPoint\Assignment4StartPoint\MyProject.cpp(556,24): warning C4244: '=': conversion from 'int' to 'float', possible loss of data
C:\Users\mattm\Desktop\Year One\Term Two\Object-oriented Programming GAME1111\Assignment 4\Assignment4-StartPoint\Assignment4StartPoint\Assignment4StartPoint\MyProject.cpp(559,24): warning C4244: '=': conversion from 'int' to 'float', possible loss of data
C:\Users\mattm\Desktop\Year One\Term Two\Object-oriented Programming GAME1111\Assignment 4\Assignment4-StartPoint\Assignment4StartPoint\Assignment4StartPoint\MyProject.cpp(562,24): warning C4244: '=': conversion from 'int' to 'float', possible loss of data
C:\Users\mattm\Desktop\Year One\Term Two\Object-oriented Programming GAME1111\Assignment 4\Assignment4-StartPoint\Assignment4StartPoint\Assignment4StartPoint\MyProject.cpp(565,24): warning C4244: '=': conversion from 'int' to 'float', possible loss of data
C:\Users\mattm\Desktop\Year One\Term Two\Object-oriented Programming GAME1111\Assignment 4\Assignment4-StartPoint\Assignment4StartPoint\Assignment4StartPoint\MyProject.cpp(568,24): warning C4244: '=': conversion from 'int' to 'float', possible loss of data
C:\Users\mattm\Desktop\Year One\Term Two\Object-oriented Programming GAME1111\Assignment 4\Assignment4-StartPoint\Assignment4StartPoint\Assignment4StartPoint\MyProject.cpp(571,24): warning C4244: '=': conversion from 'int' to 'float', possible loss of data
C:\Users\mattm\Desktop\Year One\Term Two\Object-oriented Programming GAME1111\Assignment 4\Assignment4-StartPoint\Assignment4StartPoint\Assignment4StartPoint\MyProject.cpp(593,72): warning C4244: 'argument': conversion from 'int' to 'float', possible loss of data
C:\Users\mattm\Desktop\Year One\Term Two\Object-oriented Programming GAME1111\Assignment 4\Assignment4-StartPoint\Assignment4StartPoint\Assignment4StartPoint\MyProject.cpp(599,26): warning C4305: 'argument': truncation from 'double' to 'float'
C:\Users\mattm\Desktop\Year One\Term Two\Object-oriented Programming GAME1111\Assignment 4\Assignment4-StartPoint\Assignment4StartPoint\Assignment4StartPoint\MyProject.cpp(606,49): warning C4244: '=': conversion from 'int' to 'float', possible loss of data
C:\Users\mattm\Desktop\Year One\Term Two\Object-oriented Programming GAME1111\Assignment 4\Assignment4-StartPoint\Assignment4StartPoint\Assignment4StartPoint\MyProject.cpp(668,20): warning C4244: '=': conversion from 'int' to 'float', possible loss of data
C:\Users\mattm\Desktop\Year One\Term Two\Object-oriented Programming GAME1111\Assignment 4\Assignment4-StartPoint\Assignment4StartPoint\Assignment4StartPoint\MyProject.cpp(671,20): warning C4244: '=': conversion from 'int' to 'float', possible loss of data
C:\Users\mattm\Desktop\Year One\Term Two\Object-oriented Programming GAME1111\Assignment 4\Assignment4-StartPoint\Assignment4StartPoint\Assignment4StartPoint\MyProject.cpp(674,20): warning C4244: '=': conversion from 'int' to 'float', possible loss of data
C:\Users\mattm\Desktop\Year One\Term Two\Object-oriented Programming GAME1111\Assignment 4\Assignment4-StartPoint\Assignment4StartPoint\Assignment4StartPoint\MyProject.cpp(677,20): warning C4244: '=': conversion from 'int' to 'float', possible loss of data
C:\Users\mattm\Desktop\Year One\Term Two\Object-oriented Programming GAME1111\Assignment 4\Assignment4-StartPoint\Assignment4StartPoint\Assignment4StartPoint\MyProject.cpp(680,20): warning C4244: '=': conversion from 'int' to 'float', possible loss of data
C:\Users\mattm\Desktop\Year One\Term Two\Object-oriented Programming GAME1111\Assignment 4\Assignment4-StartPoint\Assignment4StartPoint\Assignment4StartPoint\MyProject.cpp(683,20): warning C4244: '=': conversion from 'int' to 'float', possible loss of data
C:\Users\mattm\Desktop\Year One\Term Two\Object-oriented Programming GAME1111\Assignment 4\Assignment4-StartPoint\Assignment4StartPoint\Assignment4StartPoint\MyProject.cpp(686,54): warning C4244: '=': conversion from 'int' to 'float', possible loss of data
C:\Users\mattm\Desktop\Year One\Term Two\Object-oriented Programming GAME1111\Assignment 4\Assignment4-StartPoint\Assignment4StartPoint\Assignment4StartPoint\MyProject.cpp(716,35): warning C4244: '=': conversion from 'int' to 'float', possible loss of data
C:\Users\mattm\Desktop\Year One\Term Two\Object-oriented Programming GAME1111\Assignment 4\Assignment4-StartPoint\Assignment4StartPoint\Assignment4StartPoint\MyProject.cpp(726,35): warning C4244: '=': conversion from 'int' to 'float', possible loss of data
C:\Users\mattm\Desktop\Year One\Term Two\Object-oriented Programming GAME1111\Assignment 4\Assignment4-StartPoint\Assignment4StartPoint\Assignment4StartPoint\MyProject.cpp(952,46): warning C4244: '=': conversion from 'double' to 'float', possible loss of data
  SpriteListType.cpp
  WinMain.cpp
C:\Users\mattm\Desktop\Year One\Term Two\Object-oriented Programming GAME1111\Assignment 4\Assignment4-StartPoint\Assignment4StartPoint\Assignment4StartPoint\MyProject.h(59): warning C4091: 'static ': ignored on left of 'MyProject::eGameStates' when no variable is declared
C:\Users\mattm\Desktop\Year One\Term Two\Object-oriented Programming GAME1111\Assignment 4\Assignment4-StartPoint\Assignment4StartPoint\Assignment4StartPoint\MyProject.h(96): warning C4091: 'static ': ignored on left of 'MyProject::obstacleType' when no variable is declared
  Generating Code...
C:\Users\mattm\Desktop\Year One\Term Two\Object-oriented Programming GAME1111\Assignment 4\Assignment4-StartPoint\Assignment4StartPoint\Assignment4StartPoint\MyProject.cpp(690): warning C4715: 'MyProject::ItemPos': not all control paths return a value
  Assignment4StartPoint.vcxproj -> C:\Users\mattm\Desktop\Year One\Term Two\Object-oriented Programming GAME1111\Assignment 4\Assignment4-StartPoint\Assignment4StartPoint\Debug\Assignment4StartPoint.exe
